[2026-03-06T12:54:01.311Z] [WEBHOOK] Webhook request received
[2026-03-06T12:54:01.312Z] [INFO] Webhook body length: 1
[2026-03-06T12:54:01.900Z] [INFO] Monitoring 1 addresses
[2026-03-06T12:54:01.902Z] [INFO] Processing TX: 5ccf9Zwt... (Signer: 6XSnN23b)
[2026-03-06T12:54:03.254Z] [WEBHOOK] Webhook request received
[2026-03-06T12:54:03.255Z] [INFO] Webhook body length: 1
[2026-03-06T12:54:03.489Z] [INFO] Monitoring 1 addresses
[2026-03-06T12:54:03.489Z] [INFO] Processing TX: 5ccf9Zwt... (Signer: 6XSnN23b)
[2026-03-06T13:12:58.992Z] [WEBHOOK] Webhook request received
[2026-03-06T13:12:58.993Z] [INFO] Webhook body length: 1
[2026-03-06T13:12:59.377Z] [INFO] Monitoring 1 addresses: 8ZELLTBuxeTS3so35QxMGugqvKN9nrGCq4DTdPSWcSQX
[2026-03-06T13:12:59.377Z] [INFO] Processing TX: 4y26P2BA | Signer: 6XSnN23bnDZM363oqofg7tkZSLXvcrqePMTk7CuCbPYH | Involved: 6XSnN23bnDZM363oqofg7tkZSLXvcrqePMTk7CuCbPYH
[2026-03-06T13:13:00.940Z] [WEBHOOK] Webhook request received
[2026-03-06T13:13:00.944Z] [INFO] Webhook body length: 1
[2026-03-06T13:13:01.159Z] [INFO] Monitoring 1 addresses: 8ZELLTBuxeTS3so35QxMGugqvKN9nrGCq4DTdPSWcSQX
[2026-03-06T13:13:01.160Z] [INFO] Processing TX: 4y26P2BA | Signer: 6XSnN23bnDZM363oqofg7tkZSLXvcrqePMTk7CuCbPYH | Involved: 6XSnN23bnDZM363oqofg7tkZSLXvcrqePMTk7CuCbPYH
[2026-03-06T13:17:32.838Z] [WEBHOOK] Webhook request received
[2026-03-06T13:17:32.839Z] [INFO] Webhook body length: 1
[2026-03-06T13:17:34.422Z] [INFO] Monitoring 1 addresses: 8ZELLTBuxeTS3so35QxMGugqvKN9nrGCq4DTdPSWcSQX
[2026-03-06T13:17:34.423Z] [INFO] Processing TX: 3XDHiQux | Signer: 6XSnN23bnDZM363oqofg7tkZSLXvcrqePMTk7CuCbPYH | Involved: 6XSnN23bnDZM363oqofg7tkZSLXvcrqePMTk7CuCbPYH, 3FsacgEsK9bxZ3RwSAkcT3mLBCRLYV9kdsSuoviVD3ib, FLHuyZN1XZxQU9ryuBFVGb6FA1LBmcBUcrXCkqacN75F, ComputeBudget111111111111111111111111111111, EPjFWdd5AufqSSqeM2qN1xzybapC8G4wEGGkZwyTDt1v, TokenkegQfeZyiNwAJbNbGKPFXCWuBvf9Ss623VQ5DA
[2026-03-06T13:17:34.758Z] [INFO] NO MATCH in TX 3XDHiQux. Keys: accountData, description, events, fee, feePayer, instructions, lighthouseData, nativeTransfers, signature, slot, source, timestamp, tokenTransfers, transactionError, type
[2026-03-06T13:17:34.759Z] [INFO] Involved Count: 6 | First 3: 6XSnN23bnDZM363oqofg7tkZSLXvcrqePMTk7CuCbPYH, 3FsacgEsK9bxZ3RwSAkcT3mLBCRLYV9kdsSuoviVD3ib, FLHuyZN1XZxQU9ryuBFVGb6FA1LBmcBUcrXCkqacN75F
[2026-03-06T13:17:34.777Z] [WEBHOOK] Webhook request received
[2026-03-06T13:17:34.777Z] [INFO] Webhook body length: 1
[2026-03-06T13:17:34.993Z] [INFO] Monitoring 1 addresses: 8ZELLTBuxeTS3so35QxMGugqvKN9nrGCq4DTdPSWcSQX
[2026-03-06T13:17:34.994Z] [INFO] Processing TX: 3XDHiQux | Signer: 6XSnN23bnDZM363oqofg7tkZSLXvcrqePMTk7CuCbPYH | Involved: 6XSnN23bnDZM363oqofg7tkZSLXvcrqePMTk7CuCbPYH, 3FsacgEsK9bxZ3RwSAkcT3mLBCRLYV9kdsSuoviVD3ib, FLHuyZN1XZxQU9ryuBFVGb6FA1LBmcBUcrXCkqacN75F, ComputeBudget111111111111111111111111111111, EPjFWdd5AufqSSqeM2qN1xzybapC8G4wEGGkZwyTDt1v, TokenkegQfeZyiNwAJbNbGKPFXCWuBvf9Ss623VQ5DA
[2026-03-06T13:17:35.210Z] [INFO] NO MATCH in TX 3XDHiQux. Keys: accountData, description, events, fee, feePayer, instructions, lighthouseData, nativeTransfers, signature, slot, source, timestamp, tokenTransfers, transactionError, type
[2026-03-06T13:17:35.212Z] [INFO] Involved Count: 6 | First 3: 6XSnN23bnDZM363oqofg7tkZSLXvcrqePMTk7CuCbPYH, 3FsacgEsK9bxZ3RwSAkcT3mLBCRLYV9kdsSuoviVD3ib, FLHuyZN1XZxQU9ryuBFVGb6FA1LBmcBUcrXCkqacN75F
[2026-03-06T13:20:42.337Z] [WEBHOOK] Webhook request received
[2026-03-06T13:20:42.338Z] [INFO] Webhook body length: 1
[2026-03-06T13:20:43.311Z] [INFO] Monitoring 1 addresses (lowercased): 8zelltbuxets3so35qxmgugqvkn9nrgcq4dtdpswcsqx
[2026-03-06T13:20:43.312Z] [INFO] Processing TX: 5bTZRF1S | Signer: 8ZELLTBuxeTS3so35QxMGugqvKN9nrGCq4DTdPSWcSQX
[2026-03-06T13:20:43.654Z] [SUCCESS] MATCH FOUND! Monitored: 8ZELLTBuxeTS3so35QxMGugqvKN9nrGCq4DTdPSWcSQX
[2026-03-06T13:20:43.907Z] [WEBHOOK] Webhook request received
[2026-03-06T13:20:43.908Z] [INFO] Webhook body length: 1
[2026-03-06T13:20:43.917Z] [WEBHOOK] Webhook request received
[2026-03-06T13:20:43.918Z] [INFO] Webhook body length: 1
[2026-03-06T13:20:43.924Z] [WEBHOOK] Webhook request received
[2026-03-06T13:20:43.924Z] [INFO] Webhook body length: 1
[2026-03-06T13:20:43.931Z] [WEBHOOK] Webhook request received
[2026-03-06T13:20:43.932Z] [INFO] Webhook body length: 1
[2026-03-06T13:20:43.938Z] [WEBHOOK] Webhook request received
[2026-03-06T13:20:43.938Z] [INFO] Webhook body length: 1
[2026-03-06T13:20:43.947Z] [WEBHOOK] Webhook request received
[2026-03-06T13:20:43.947Z] [INFO] Webhook body length: 1
[2026-03-06T13:20:43.951Z] [WEBHOOK] Webhook request received
[2026-03-06T13:20:43.951Z] [INFO] Webhook body length: 1
[2026-03-06T13:20:44.153Z] [INFO] Monitoring 1 addresses (lowercased): 8zelltbuxets3so35qxmgugqvkn9nrgcq4dtdpswcsqx
[2026-03-06T13:20:44.154Z] [INFO] Processing TX: uLV43L3c | Signer: FL1xVCdwrYMVVFvKsDRmaZsKDuDgCdFHmRpmHvS2QTcc
[2026-03-06T13:20:44.225Z] [WEBHOOK] Webhook request received
[2026-03-06T13:20:44.225Z] [INFO] Webhook body length: 1
[2026-03-06T13:20:44.289Z] [INFO] Monitoring 1 addresses (lowercased): 8zelltbuxets3so35qxmgugqvkn9nrgcq4dtdpswcsqx
[2026-03-06T13:20:44.290Z] [INFO] Processing TX: 5ejwCs7G | Signer: FL1xVCdwrYMVVFvKsDRmaZsKDuDgCdFHmRpmHvS2QTcc
[2026-03-06T13:20:44.550Z] [SUCCESS] MATCH FOUND! Monitored: 8ZELLTBuxeTS3so35QxMGugqvKN9nrGCq4DTdPSWcSQX
[2026-03-06T13:20:44.589Z] [INFO] Monitoring 1 addresses (lowercased): 8zelltbuxets3so35qxmgugqvkn9nrgcq4dtdpswcsqx
[2026-03-06T13:20:44.590Z] [INFO] Processing TX: ZTUeKFWi | Signer: FL1xVCdwrYMVVFvKsDRmaZsKDuDgCdFHmRpmHvS2QTcc
[2026-03-06T13:20:44.591Z] [INFO] Monitoring 1 addresses (lowercased): 8zelltbuxets3so35qxmgugqvkn9nrgcq4dtdpswcsqx
[2026-03-06T13:20:44.592Z] [INFO] Processing TX: RzdcqSuy | Signer: 6pq6rm1az9nPMQp8Qx1xNkHdpAvED5qNPgJyVT8Y2wRg
[2026-03-06T13:20:44.606Z] [SUCCESS] MATCH FOUND! Monitored: 8ZELLTBuxeTS3so35QxMGugqvKN9nrGCq4DTdPSWcSQX
[2026-03-06T13:20:44.620Z] [INFO] Monitoring 1 addresses (lowercased): 8zelltbuxets3so35qxmgugqvkn9nrgcq4dtdpswcsqx
[2026-03-06T13:20:44.621Z] [INFO] Processing TX: 2eRGn2By | Signer: 6pq6rm1az9nPMQp8Qx1xNkHdpAvED5qNPgJyVT8Y2wRg
[2026-03-06T13:20:44.649Z] [INFO] Monitoring 1 addresses (lowercased): 8zelltbuxets3so35qxmgugqvkn9nrgcq4dtdpswcsqx
[2026-03-06T13:20:44.650Z] [INFO] Processing TX: 3uNnLKGK | Signer: 6pq6rm1az9nPMQp8Qx1xNkHdpAvED5qNPgJyVT8Y2wRg
[2026-03-06T13:20:44.805Z] [INFO] Monitoring 1 addresses (lowercased): 8zelltbuxets3so35qxmgugqvkn9nrgcq4dtdpswcsqx
[2026-03-06T13:20:44.806Z] [INFO] Processing TX: 5bTZRF1S | Signer: 8ZELLTBuxeTS3so35QxMGugqvKN9nrGCq4DTdPSWcSQX
[2026-03-06T13:20:44.809Z] [SUCCESS] MATCH FOUND! Monitored: 8ZELLTBuxeTS3so35QxMGugqvKN9nrGCq4DTdPSWcSQX
[2026-03-06T13:20:44.843Z] [SUCCESS] MATCH FOUND! Monitored: 8ZELLTBuxeTS3so35QxMGugqvKN9nrGCq4DTdPSWcSQX
[2026-03-06T13:20:44.848Z] [SUCCESS] MATCH FOUND! Monitored: 8ZELLTBuxeTS3so35QxMGugqvKN9nrGCq4DTdPSWcSQX
[2026-03-06T13:20:44.868Z] [SUCCESS] MATCH FOUND! Monitored: 8ZELLTBuxeTS3so35QxMGugqvKN9nrGCq4DTdPSWcSQX
[2026-03-06T13:20:45.031Z] [SUCCESS] MATCH FOUND! Monitored: 8ZELLTBuxeTS3so35QxMGugqvKN9nrGCq4DTdPSWcSQX
[2026-03-06T13:20:45.352Z] [INFO] Monitoring 1 addresses (lowercased): 8zelltbuxets3so35qxmgugqvkn9nrgcq4dtdpswcsqx
[2026-03-06T13:20:45.354Z] [INFO] Processing TX: 3EZ1XbJv | Signer: 6pq6rm1az9nPMQp8Qx1xNkHdpAvED5qNPgJyVT8Y2wRg
[2026-03-06T13:20:45.575Z] [SUCCESS] MATCH FOUND! Monitored: 8ZELLTBuxeTS3so35QxMGugqvKN9nrGCq4DTdPSWcSQX
[2026-03-06T13:20:45.894Z] [WEBHOOK] Webhook request received
[2026-03-06T13:20:45.895Z] [INFO] Webhook body length: 1
[2026-03-06T13:20:45.901Z] [WEBHOOK] Webhook request received
[2026-03-06T13:20:45.902Z] [INFO] Webhook body length: 1
[2026-03-06T13:20:45.908Z] [WEBHOOK] Webhook request received
[2026-03-06T13:20:45.909Z] [INFO] Webhook body length: 1
[2026-03-06T13:20:45.911Z] [WEBHOOK] Webhook request received
[2026-03-06T13:20:45.911Z] [INFO] Webhook body length: 1
[2026-03-06T13:20:45.927Z] [WEBHOOK] Webhook request received
[2026-03-06T13:20:45.927Z] [INFO] Webhook body length: 1
[2026-03-06T13:20:45.929Z] [WEBHOOK] Webhook request received
[2026-03-06T13:20:45.929Z] [INFO] Webhook body length: 1
[2026-03-06T13:20:45.932Z] [WEBHOOK] Webhook request received
[2026-03-06T13:20:45.932Z] [INFO] Webhook body length: 1
[2026-03-06T13:20:46.127Z] [INFO] Monitoring 1 addresses (lowercased): 8zelltbuxets3so35qxmgugqvkn9nrgcq4dtdpswcsqx
[2026-03-06T13:20:46.128Z] [INFO] Processing TX: 3uNnLKGK | Signer: 6pq6rm1az9nPMQp8Qx1xNkHdpAvED5qNPgJyVT8Y2wRg
[2026-03-06T13:20:46.133Z] [INFO] Monitoring 1 addresses (lowercased): 8zelltbuxets3so35qxmgugqvkn9nrgcq4dtdpswcsqx
[2026-03-06T13:20:46.134Z] [INFO] Processing TX: 5ejwCs7G | Signer: FL1xVCdwrYMVVFvKsDRmaZsKDuDgCdFHmRpmHvS2QTcc
[2026-03-06T13:20:46.139Z] [INFO] Monitoring 1 addresses (lowercased): 8zelltbuxets3so35qxmgugqvkn9nrgcq4dtdpswcsqx
[2026-03-06T13:20:46.139Z] [INFO] Processing TX: ZTUeKFWi | Signer: FL1xVCdwrYMVVFvKsDRmaZsKDuDgCdFHmRpmHvS2QTcc
[2026-03-06T13:20:46.144Z] [INFO] Monitoring 1 addresses (lowercased): 8zelltbuxets3so35qxmgugqvkn9nrgcq4dtdpswcsqx
[2026-03-06T13:20:46.144Z] [INFO] Processing TX: uLV43L3c | Signer: FL1xVCdwrYMVVFvKsDRmaZsKDuDgCdFHmRpmHvS2QTcc
[2026-03-06T13:20:46.149Z] [INFO] Monitoring 1 addresses (lowercased): 8zelltbuxets3so35qxmgugqvkn9nrgcq4dtdpswcsqx
[2026-03-06T13:20:46.149Z] [INFO] Processing TX: RzdcqSuy | Signer: 6pq6rm1az9nPMQp8Qx1xNkHdpAvED5qNPgJyVT8Y2wRg
[2026-03-06T13:20:46.152Z] [INFO] Monitoring 1 addresses (lowercased): 8zelltbuxets3so35qxmgugqvkn9nrgcq4dtdpswcsqx
[2026-03-06T13:20:46.153Z] [INFO] Processing TX: 3EZ1XbJv | Signer: 6pq6rm1az9nPMQp8Qx1xNkHdpAvED5qNPgJyVT8Y2wRg
[2026-03-06T13:20:46.161Z] [INFO] Monitoring 1 addresses (lowercased): 8zelltbuxets3so35qxmgugqvkn9nrgcq4dtdpswcsqx
[2026-03-06T13:20:46.162Z] [INFO] Processing TX: 2eRGn2By | Signer: 6pq6rm1az9nPMQp8Qx1xNkHdpAvED5qNPgJyVT8Y2wRg
[2026-03-06T13:20:46.228Z] [WEBHOOK] Webhook request received
[2026-03-06T13:20:46.229Z] [INFO] Webhook body length: 1
[2026-03-06T13:20:46.326Z] [SUCCESS] MATCH FOUND! Monitored: 8ZELLTBuxeTS3so35QxMGugqvKN9nrGCq4DTdPSWcSQX
[2026-03-06T13:20:46.329Z] [SUCCESS] MATCH FOUND! Monitored: 8ZELLTBuxeTS3so35QxMGugqvKN9nrGCq4DTdPSWcSQX
[2026-03-06T13:20:46.341Z] [SUCCESS] MATCH FOUND! Monitored: 8ZELLTBuxeTS3so35QxMGugqvKN9nrGCq4DTdPSWcSQX
[2026-03-06T13:20:46.344Z] [SUCCESS] MATCH FOUND! Monitored: 8ZELLTBuxeTS3so35QxMGugqvKN9nrGCq4DTdPSWcSQX
[2026-03-06T13:20:46.355Z] [SUCCESS] MATCH FOUND! Monitored: 8ZELLTBuxeTS3so35QxMGugqvKN9nrGCq4DTdPSWcSQX
[2026-03-06T13:20:46.357Z] [SUCCESS] MATCH FOUND! Monitored: 8ZELLTBuxeTS3so35QxMGugqvKN9nrGCq4DTdPSWcSQX
[2026-03-06T13:20:46.377Z] [SUCCESS] MATCH FOUND! Monitored: 8ZELLTBuxeTS3so35QxMGugqvKN9nrGCq4DTdPSWcSQX
[2026-03-06T13:20:46.650Z] [INFO] Monitoring 1 addresses (lowercased): 8zelltbuxets3so35qxmgugqvkn9nrgcq4dtdpswcsqx
[2026-03-06T13:20:46.651Z] [INFO] Processing TX: 5bTZRF1S | Signer: 8ZELLTBuxeTS3so35QxMGugqvKN9nrGCq4DTdPSWcSQX
[2026-03-06T13:20:46.850Z] [SUCCESS] MATCH FOUND! Monitored: 8ZELLTBuxeTS3so35QxMGugqvKN9nrGCq4DTdPSWcSQX
[2026-03-06T13:20:47.865Z] [WEBHOOK] Webhook request received
[2026-03-06T13:20:47.866Z] [INFO] Webhook body length: 1
[2026-03-06T13:20:47.906Z] [WEBHOOK] Webhook request received
[2026-03-06T13:20:47.908Z] [INFO] Webhook body length: 1
[2026-03-06T13:20:47.916Z] [WEBHOOK] Webhook request received
[2026-03-06T13:20:47.916Z] [INFO] Webhook body length: 1
[2026-03-06T13:20:47.918Z] [WEBHOOK] Webhook request received
[2026-03-06T13:20:47.918Z] [INFO] Webhook body length: 1
[2026-03-06T13:20:47.924Z] [WEBHOOK] Webhook request received
[2026-03-06T13:20:47.924Z] [INFO] Webhook body length: 1
[2026-03-06T13:20:47.929Z] [WEBHOOK] Webhook request received
[2026-03-06T13:20:47.929Z] [INFO] Webhook body length: 1
[2026-03-06T13:20:47.931Z] [WEBHOOK] Webhook request received
[2026-03-06T13:20:47.931Z] [INFO] Webhook body length: 1
[2026-03-06T13:20:48.071Z] [INFO] Monitoring 1 addresses (lowercased): 8zelltbuxets3so35qxmgugqvkn9nrgcq4dtdpswcsqx
[2026-03-06T13:20:48.072Z] [INFO] Processing TX: 5ejwCs7G | Signer: FL1xVCdwrYMVVFvKsDRmaZsKDuDgCdFHmRpmHvS2QTcc
[2026-03-06T13:20:48.117Z] [INFO] Monitoring 1 addresses (lowercased): 8zelltbuxets3so35qxmgugqvkn9nrgcq4dtdpswcsqx
[2026-03-06T13:20:48.118Z] [INFO] Processing TX: uLV43L3c | Signer: FL1xVCdwrYMVVFvKsDRmaZsKDuDgCdFHmRpmHvS2QTcc
[2026-03-06T13:20:48.121Z] [INFO] Monitoring 1 addresses (lowercased): 8zelltbuxets3so35qxmgugqvkn9nrgcq4dtdpswcsqx
[2026-03-06T13:20:48.121Z] [INFO] Processing TX: ZTUeKFWi | Signer: FL1xVCdwrYMVVFvKsDRmaZsKDuDgCdFHmRpmHvS2QTcc
[2026-03-06T13:20:48.123Z] [INFO] Monitoring 1 addresses (lowercased): 8zelltbuxets3so35qxmgugqvkn9nrgcq4dtdpswcsqx
[2026-03-06T13:20:48.124Z] [INFO] Processing TX: 3EZ1XbJv | Signer: 6pq6rm1az9nPMQp8Qx1xNkHdpAvED5qNPgJyVT8Y2wRg
[2026-03-06T13:20:48.138Z] [INFO] Monitoring 1 addresses (lowercased): 8zelltbuxets3so35qxmgugqvkn9nrgcq4dtdpswcsqx
[2026-03-06T13:20:48.139Z] [INFO] Processing TX: 3uNnLKGK | Signer: 6pq6rm1az9nPMQp8Qx1xNkHdpAvED5qNPgJyVT8Y2wRg
[2026-03-06T13:20:48.147Z] [INFO] Monitoring 1 addresses (lowercased): 8zelltbuxets3so35qxmgugqvkn9nrgcq4dtdpswcsqx
[2026-03-06T13:20:48.148Z] [INFO] Processing TX: RzdcqSuy | Signer: 6pq6rm1az9nPMQp8Qx1xNkHdpAvED5qNPgJyVT8Y2wRg
[2026-03-06T13:20:48.196Z] [INFO] Monitoring 1 addresses (lowercased): 8zelltbuxets3so35qxmgugqvkn9nrgcq4dtdpswcsqx
[2026-03-06T13:20:48.197Z] [INFO] Processing TX: 2eRGn2By | Signer: 6pq6rm1az9nPMQp8Qx1xNkHdpAvED5qNPgJyVT8Y2wRg
[2026-03-06T13:20:48.274Z] [SUCCESS] MATCH FOUND! Monitored: 8ZELLTBuxeTS3so35QxMGugqvKN9nrGCq4DTdPSWcSQX
[2026-03-06T13:20:48.317Z] [SUCCESS] MATCH FOUND! Monitored: 8ZELLTBuxeTS3so35QxMGugqvKN9nrGCq4DTdPSWcSQX
[2026-03-06T13:20:48.320Z] [SUCCESS] MATCH FOUND! Monitored: 8ZELLTBuxeTS3so35QxMGugqvKN9nrGCq4DTdPSWcSQX
[2026-03-06T13:20:48.322Z] [SUCCESS] MATCH FOUND! Monitored: 8ZELLTBuxeTS3so35QxMGugqvKN9nrGCq4DTdPSWcSQX
[2026-03-06T13:20:48.341Z] [SUCCESS] MATCH FOUND! Monitored: 8ZELLTBuxeTS3so35QxMGugqvKN9nrGCq4DTdPSWcSQX
[2026-03-06T13:20:48.372Z] [SUCCESS] MATCH FOUND! Monitored: 8ZELLTBuxeTS3so35QxMGugqvKN9nrGCq4DTdPSWcSQX
[2026-03-06T13:20:48.388Z] [SUCCESS] MATCH FOUND! Monitored: 8ZELLTBuxeTS3so35QxMGugqvKN9nrGCq4DTdPSWcSQX
[2026-03-06T13:44:53.002Z] [WEBHOOK] Webhook request received
[2026-03-06T13:44:53.003Z] [INFO] Webhook body length: 1
[2026-03-06T13:44:54.226Z] [SUCCESS] 🎯 SWAP DETECTED: BUY | Token: 7vfCXTUX... | Amount: 0.00243595 | SOL: 0.0572 | DEX: JUPITER
[2026-03-06T13:44:54.896Z] [WEBHOOK] Webhook request received
[2026-03-06T13:44:54.897Z] [INFO] Webhook body length: 1
[2026-03-06T13:44:55.131Z] [SUCCESS] 🎯 SWAP DETECTED: BUY | Token: 7vfCXTUX... | Amount: 0.00243595 | SOL: 0.0572 | DEX: JUPITER
[2026-03-06T13:44:55.759Z] [INFO] Batch done: 1 swaps processed, 0 skipped
[2026-03-06T13:44:56.303Z] [INFO] Batch done: 1 swaps processed, 0 skipped
[2026-03-06T13:44:56.896Z] [WEBHOOK] Webhook request received
[2026-03-06T13:44:56.897Z] [INFO] Webhook body length: 1
[2026-03-06T13:44:57.107Z] [SUCCESS] 🎯 SWAP DETECTED: BUY | Token: 7vfCXTUX... | Amount: 0.00243595 | SOL: 0.0572 | DEX: JUPITER
[2026-03-06T13:44:57.764Z] [INFO] Batch done: 1 swaps processed, 0 skipped
[2026-03-06T13:53:40.734Z] [WEBHOOK] Webhook request received
[2026-03-06T13:53:40.736Z] [INFO] Webhook body length: 1
[2026-03-06T13:53:41.791Z] [SUCCESS] 🎯 SWAP DETECTED: BUY | Token: Es9vMFrz... | Amount: 4.995045 | SOL: 0.0574 | DEX: JUPITER
[2026-03-06T13:53:42.600Z] [WEBHOOK] Webhook request received
[2026-03-06T13:53:42.601Z] [INFO] Webhook body length: 1
[2026-03-06T13:53:42.846Z] [INFO] ⏭️ Dedup skip: 42t13PH4
[2026-03-06T13:53:42.847Z] [INFO] Batch done: 0 swaps, 0 skipped, 1 deduped
[2026-03-06T13:53:43.001Z] [INFO] Batch done: 1 swaps, 0 skipped, 0 deduped
[2026-03-06T13:57:26.784Z] [WEBHOOK] Webhook request received
[2026-03-06T13:57:26.787Z] [INFO] Webhook body length: 1
[2026-03-06T13:57:28.664Z] [SUCCESS] 🎯 SWAP DETECTED: BUY | Token: cbbtcf3a... | Amount: 9.9e-7 | SOL: 0.0116 | DEX: JUPITER
[2026-03-06T13:57:28.769Z] [WEBHOOK] Webhook request received
[2026-03-06T13:57:28.771Z] [INFO] Webhook body length: 1
[2026-03-06T13:57:29.161Z] [INFO] ⏭️ Dedup skip: 4QEiyLwT
[2026-03-06T13:57:29.161Z] [INFO] Batch done: 0 swaps, 0 skipped, 1 deduped
[2026-03-06T13:57:31.016Z] [INFO] Batch done: 1 swaps, 0 skipped, 0 deduped
[2026-03-06T14:10:42.150Z] [WEBHOOK] Webhook request received
[2026-03-06T14:10:42.151Z] [INFO] Webhook body length: 1
[2026-03-06T14:10:43.260Z] [SUCCESS] 🎯 SWAP DETECTED: BUY | Token: 32CdQdBU... | Amount: 862.338335 | Cost: 1.998 USDC | DEX: JUPITER
[2026-03-06T14:10:43.527Z] [SUCCESS] ✅ DB insert success: 3wT1HGQT
[2026-03-06T14:10:44.039Z] [WEBHOOK] Webhook request received
[2026-03-06T14:10:44.040Z] [INFO] Webhook body length: 1
[2026-03-06T14:10:44.300Z] [INFO] ⏭️ Dedup skip: 3wT1HGQT
[2026-03-06T14:10:44.300Z] [INFO] Batch done: 0 swaps, 0 skipped, 1 deduped
[2026-03-06T14:10:44.807Z] [INFO] Batch done: 1 swaps, 0 skipped, 0 deduped
[2026-03-06T19:25:57.928Z] [WEBHOOK] Webhook request received
[2026-03-06T19:25:57.932Z] [INFO] Webhook body length: 1
[2026-03-06T19:25:58.579Z] [SUCCESS] 🎯 SWAP DETECTED: SELL | Person: Default | Token: 32CdQdBU... | Amount: 1000 | Cost: 0.0235 SOL | DEX: JUPITER
[2026-03-06T19:25:58.896Z] [SUCCESS] ✅ DB insert success: 3VDxoYPD
[2026-03-06T19:25:59.844Z] [WEBHOOK] Webhook request received
[2026-03-06T19:25:59.844Z] [INFO] Webhook body length: 1
[2026-03-06T19:26:00.226Z] [INFO] ⏭️ Dedup skip: 3VDxoYPD
[2026-03-06T19:26:00.227Z] [INFO] Batch done: 0 swaps, 0 skipped, 1 deduped
[2026-03-06T19:26:00.399Z] [INFO] Batch done: 1 swaps, 0 skipped, 0 deduped
[2026-03-06T19:48:13.078Z] [WEBHOOK] Webhook request received
[2026-03-06T19:48:13.080Z] [INFO] Webhook body length: 1
[2026-03-06T19:48:13.837Z] [SUCCESS] 🎯 SWAP DETECTED: BUY | Person: 67 | Token: 32CdQdBU... | Amount: 991.738654 | Cost: 0.0233 SOL | DEX: JUPITER
[2026-03-06T19:48:14.092Z] [SUCCESS] ✅ DB insert success: 2w6UVEix
[2026-03-06T19:48:15.032Z] [INFO] Batch done: 1 swaps, 0 skipped, 0 deduped
[2026-03-06T19:48:15.053Z] [WEBHOOK] Webhook request received
[2026-03-06T19:48:15.054Z] [INFO] Webhook body length: 1
[2026-03-06T19:48:15.326Z] [INFO] ⏭️ Dedup skip: 2w6UVEix
[2026-03-06T19:48:15.326Z] [INFO] Batch done: 0 swaps, 0 skipped, 1 deduped
[2026-03-06T19:48:15.552Z] [WEBHOOK] Webhook request received
[2026-03-06T19:48:15.581Z] [INFO] Webhook body length: 1
[2026-03-06T19:48:15.595Z] [WEBHOOK] Webhook request received
[2026-03-06T19:48:15.596Z] [INFO] Webhook body length: 1
[2026-03-06T19:48:15.613Z] [WEBHOOK] Webhook request received
[2026-03-06T19:48:15.614Z] [INFO] Webhook body length: 1
[2026-03-06T19:48:15.626Z] [WEBHOOK] Webhook request received
[2026-03-06T19:48:15.627Z] [INFO] Webhook body length: 1
[2026-03-06T19:48:15.633Z] [WEBHOOK] Webhook request received
[2026-03-06T19:48:15.634Z] [INFO] Webhook body length: 1
[2026-03-06T19:48:15.641Z] [WEBHOOK] Webhook request received
[2026-03-06T19:48:15.642Z] [INFO] Webhook body length: 1
[2026-03-06T19:48:15.845Z] [INFO] Skipping non-swap TX: 4KNkqSJa (type: TRANSFER)
[2026-03-06T19:48:15.845Z] [INFO] Batch done: 0 swaps, 1 skipped, 0 deduped
[2026-03-06T19:48:16.016Z] [INFO] Skipping non-swap TX: 3CsxKt59 (type: TRANSFER)
[2026-03-06T19:48:16.017Z] [INFO] Batch done: 0 swaps, 1 skipped, 0 deduped
[2026-03-06T19:48:16.040Z] [INFO] Skipping non-swap TX: 55UC745R (type: TRANSFER)
[2026-03-06T19:48:16.041Z] [INFO] Batch done: 0 swaps, 1 skipped, 0 deduped
[2026-03-06T19:48:16.104Z] [INFO] Skipping non-swap TX: 3pWTi28j (type: TRANSFER)
[2026-03-06T19:48:16.105Z] [INFO] Batch done: 0 swaps, 1 skipped, 0 deduped
[2026-03-06T19:48:16.253Z] [INFO] Skipping non-swap TX: 3RUEbi3A (type: TRANSFER)
[2026-03-06T19:48:16.254Z] [INFO] Batch done: 0 swaps, 1 skipped, 0 deduped
[2026-03-06T19:48:16.257Z] [INFO] Skipping non-swap TX: 5DHRS8sX (type: TRANSFER)
[2026-03-06T19:48:16.257Z] [INFO] Batch done: 0 swaps, 1 skipped, 0 deduped
[2026-03-06T19:48:16.504Z] [WEBHOOK] Webhook request received
[2026-03-06T19:48:16.505Z] [INFO] Webhook body length: 1
[2026-03-06T19:48:16.725Z] [INFO] Skipping non-swap TX: 2DGtT6tC (type: TRANSFER)
[2026-03-06T19:48:16.725Z] [INFO] Batch done: 0 swaps, 1 skipped, 0 deduped
[2026-03-06T19:48:17.302Z] [WEBHOOK] Webhook request received
[2026-03-06T19:48:17.303Z] [INFO] Webhook body length: 1
[2026-03-06T19:48:17.339Z] [WEBHOOK] Webhook request received
[2026-03-06T19:48:17.340Z] [INFO] Webhook body length: 1
[2026-03-06T19:48:17.345Z] [WEBHOOK] Webhook request received
[2026-03-06T19:48:17.345Z] [INFO] Webhook body length: 1
[2026-03-06T19:48:17.350Z] [WEBHOOK] Webhook request received
[2026-03-06T19:48:17.351Z] [INFO] Webhook body length: 1
[2026-03-06T19:48:17.370Z] [WEBHOOK] Webhook request received
[2026-03-06T19:48:17.370Z] [INFO] Webhook body length: 1
[2026-03-06T19:48:17.525Z] [INFO] Skipping non-swap TX: 5WJm1rAD (type: TRANSFER)
[2026-03-06T19:48:17.525Z] [INFO] Batch done: 0 swaps, 1 skipped, 0 deduped
[2026-03-06T19:48:17.550Z] [INFO] Skipping non-swap TX: 3CALSn1c (type: TRANSFER)
[2026-03-06T19:48:17.551Z] [INFO] Batch done: 0 swaps, 1 skipped, 0 deduped
[2026-03-06T19:48:17.555Z] [INFO] Skipping non-swap TX: Kw6KSRpJ (type: TRANSFER)
[2026-03-06T19:48:17.555Z] [INFO] Batch done: 0 swaps, 1 skipped, 0 deduped
[2026-03-06T19:48:17.557Z] [INFO] Skipping non-swap TX: 3Qsi8vCE (type: TRANSFER)
[2026-03-06T19:48:17.557Z] [INFO] Batch done: 0 swaps, 1 skipped, 0 deduped
[2026-03-06T19:48:17.564Z] [WEBHOOK] Webhook request received
[2026-03-06T19:48:17.565Z] [INFO] Webhook body length: 1
[2026-03-06T19:48:17.567Z] [INFO] Skipping non-swap TX: 5oLP65En (type: TRANSFER)
[2026-03-06T19:48:17.567Z] [INFO] Batch done: 0 swaps, 1 skipped, 0 deduped
[2026-03-06T19:48:17.569Z] [WEBHOOK] Webhook request received
[2026-03-06T19:48:17.569Z] [INFO] Webhook body length: 1
[2026-03-06T19:48:17.752Z] [INFO] ⏭️ Dedup skip: 3RUEbi3A
[2026-03-06T19:48:17.753Z] [INFO] Batch done: 0 swaps, 0 skipped, 1 deduped
[2026-03-06T19:48:17.767Z] [INFO] ⏭️ Dedup skip: 5DHRS8sX
[2026-03-06T19:48:17.768Z] [INFO] Batch done: 0 swaps, 0 skipped, 1 deduped
[2026-03-06T20:00:16.418Z] [SUCCESS] ✅ Helius webhook synced: 3 addresses
[2026-03-06T20:00:59.257Z] [WEBHOOK] Webhook request received
[2026-03-06T20:00:59.259Z] [INFO] Webhook body length: 1
[2026-03-06T20:00:59.650Z] [SUCCESS] 🎯 SWAP DETECTED: BUY | Person: 67 | Token: BorBvxBN... | Amount: 5996.580338 | Cost: 0.0232 SOL | DEX: JUPITER
[2026-03-06T20:00:59.922Z] [SUCCESS] ✅ DB insert success: 5XntGoKu
[2026-03-06T20:01:01.258Z] [WEBHOOK] Webhook request received
[2026-03-06T20:01:01.259Z] [INFO] Webhook body length: 1
[2026-03-06T20:01:01.488Z] [INFO] ⏭️ Dedup skip: 5XntGoKu
[2026-03-06T20:01:01.489Z] [INFO] Batch done: 0 swaps, 0 skipped, 1 deduped
[2026-03-06T20:01:01.514Z] [INFO] Batch done: 1 swaps, 0 skipped, 0 deduped
[2026-03-08T18:58:36.795Z] [WEBHOOK] Webhook request received
[2026-03-08T18:58:36.796Z] [INFO] Webhook body length: 0
